<?xml version="1.0" encoding="UTF-8"?>
<!-- Generated by org.testng.reporters.JUnitReportReporter -->
<testsuite hostname="DESKTOP-EMLR0Q3" failures="0" tests="2" name="TestNGAnnotations.allAnotations" time="0.011" errors="0" timestamp="2025-02-05T00:53:40 IST" skipped="0">
  <testcase classname="TestNGAnnotations.allAnotations" name="test2" time="0.002"/>
  <system-out/>
  <testcase classname="TestNGAnnotations.allAnotations" name="test1" time="0.009"/>
  <system-out/>
</testsuite> <!-- TestNGAnnotations.allAnotations -->
