<?xml version="1.0" encoding="UTF-8"?>
<!-- Generated by org.testng.reporters.JUnitReportReporter -->
<testsuite hostname="DESKTOP-EMLR0Q3" failures="0" tests="3" name="TestNG.firstTestCase" time="0.003" errors="0" timestamp="2025-02-04T10:30:32 IST" skipped="0">
  <testcase classname="TestNG.firstTestCase" name="logout" time="0.001"/>
  <system-out/>
  <testcase classname="TestNG.firstTestCase" name="login" time="0.001"/>
  <system-out/>
  <testcase classname="TestNG.firstTestCase" name="openApp" time="0.001"/>
  <system-out/>
</testsuite> <!-- TestNG.firstTestCase -->
