<?xml version="1.0" encoding="UTF-8"?>
<!-- Generated by org.testng.reporters.JUnitReportReporter -->
<testsuite hostname="DESKTOP-EMLR0Q3" failures="0" tests="3" name="TestNG.Parameterization.paramTest" time="0.063" errors="0" timestamp="2025-02-05T20:44:11 IST" skipped="0">
  <testcase classname="TestNG.Parameterization.paramTest" name="testLogo" time="0.046"/>
  <system-out/>
  <testcase classname="TestNG.Parameterization.paramTest" name="testTitle" time="0.009"/>
  <system-out/>
  <testcase classname="TestNG.Parameterization.paramTest" name="testUrl" time="0.008"/>
  <system-out/>
</testsuite> <!-- TestNG.Parameterization.paramTest -->
