<?xml version="1.0" encoding="UTF-8"?>
<!-- Generated by org.testng.reporters.JUnitReportReporter -->
<testsuite hostname="DESKTOP-EMLR0Q3" failures="0" tests="2" name="TestNG.Grouping.paymentTest" time="0.012" errors="0" timestamp="2025-02-05T02:01:47 IST" skipped="0">
  <testcase classname="TestNG.Grouping.paymentTest" name="paymentByCash" time="0.011"/>
  <system-out/>
  <testcase classname="TestNG.Grouping.paymentTest" name="paymentByUPI" time="0.001"/>
  <system-out/>
</testsuite> <!-- TestNG.Grouping.paymentTest -->
