<?xml version="1.0" encoding="UTF-8"?>
<!-- Generated by org.testng.reporters.JUnitReportReporter -->
<testsuite hostname="DESKTOP-EMLR0Q3" failures="0" tests="4" name="TestNG.orangeHRMTest" time="16.029" errors="0" timestamp="2025-02-04T10:30:32 IST" skipped="0">
  <testcase classname="TestNG.orangeHRMTest" name="openApp" time="12.626"/>
  <system-out/>
  <testcase classname="TestNG.orangeHRMTest" name="logoDis" time="3.070"/>
  <system-out/>
  <testcase classname="TestNG.orangeHRMTest" name="login" time="0.175"/>
  <system-out/>
  <testcase classname="TestNG.orangeHRMTest" name="closeApp" time="0.158"/>
  <system-out/>
</testsuite> <!-- TestNG.orangeHRMTest -->
