<?xml version="1.0" encoding="UTF-8"?>
<!-- Generated by org.testng.reporters.JUnitReportReporter -->
<testsuite hostname="DESKTOP-EMLR0Q3" failures="0" tests="3" name="TestNG.Grouping.signupTest" time="0.013" errors="0" timestamp="2025-02-05T01:57:22 IST" skipped="0">
  <testcase classname="TestNG.Grouping.signupTest" name="signupByEmail" time="0.011"/>
  <system-out/>
  <testcase classname="TestNG.Grouping.signupTest" name="signupByPhone" time="0.001"/>
  <system-out/>
  <testcase classname="TestNG.Grouping.signupTest" name="signupByGoogle" time="0.001"/>
  <system-out/>
</testsuite> <!-- TestNG.Grouping.signupTest -->
