<?xml version="1.0" encoding="UTF-8"?>
<!-- Generated by org.testng.reporters.JUnitReportReporter -->
<testsuite hostname="DESKTOP-EMLR0Q3" failures="0" tests="2" name="TestNGAnnotations.annotationBeforAfterMethod" time="0.016" errors="0" timestamp="2025-02-04T11:57:33 IST" skipped="0">
  <testcase classname="TestNGAnnotations.annotationBeforAfterMethod" name="search" time="0.013"/>
  <system-out/>
  <testcase classname="TestNGAnnotations.annotationBeforAfterMethod" name="advSearch" time="0.003"/>
  <system-out/>
</testsuite> <!-- TestNGAnnotations.annotationBeforAfterMethod -->
