<?xml version="1.0" encoding="UTF-8"?>
<!-- Generated by org.testng.reporters.JUnitReportReporter -->
<testsuite hostname="DESKTOP-EMLR0Q3" failures="0" tests="3" name="TestNG.Grouping.loginTest" time="0.013" errors="0" timestamp="2025-02-05T01:57:17 IST" skipped="0">
  <testcase classname="TestNG.Grouping.loginTest" name="loginByEmail" time="0.010"/>
  <system-out/>
  <testcase classname="TestNG.Grouping.loginTest" name="loginByPhone" time="0.002"/>
  <system-out/>
  <testcase classname="TestNG.Grouping.loginTest" name="loginByGoogle" time="0.001"/>
  <system-out/>
</testsuite> <!-- TestNG.Grouping.loginTest -->
